build/app/intermediates/manifest_merge_blame_file/release/manifest-merger-blame-release-report.txt
1<?xml version="1.0" encoding="utf-8"?>
2<manifest xmlns:android="http://schemas.android.com/apk/res/android"
3    package="com.example.load"
4    android:versionCode="1"
5    android:versionName="1.0.0" >
6
7    <uses-sdk
8        android:minSdkVersion="21"
8-->src\main\AndroidManifest.xml
9        android:targetSdkVersion="33" />
9-->src\main\AndroidManifest.xml
10
11    <uses-permission android:name="android.permission.VIBRATE" />
11-->src\main\AndroidManifest.xml:2:1-61
11-->src\main\AndroidManifest.xml:2:18-59
12    <uses-permission android:name="android.permission.RECEIVE_BOOT_COMPLETED" />
12-->src\main\AndroidManifest.xml:3:5-80
12-->src\main\AndroidManifest.xml:3:22-78
13    <uses-permission android:name="android.permission.FOREGROUND_SERVICE" />
13-->src\main\AndroidManifest.xml:4:5-76
13-->src\main\AndroidManifest.xml:4:22-74
14    <uses-permission android:name="android.permission.INTERNET" />
14-->src\main\AndroidManifest.xml:5:5-67
14-->src\main\AndroidManifest.xml:5:22-64
15    <!--
16         Required to query activities that can process text, see:
17         https://developer.android.com/training/package-visibility?hl=en and
18         https://developer.android.com/reference/android/content/Intent#ACTION_PROCESS_TEXT.
19
20         In particular, this is used by the Flutter engine in io.flutter.plugin.text.ProcessTextPlugin.
21    -->
22    <queries>
22-->src\main\AndroidManifest.xml:59:5-64:15
23        <intent>
23-->src\main\AndroidManifest.xml:60:9-63:18
24            <action android:name="android.intent.action.PROCESS_TEXT" />
24-->src\main\AndroidManifest.xml:61:13-72
24-->src\main\AndroidManifest.xml:61:21-70
25
26            <data android:mimeType="text/plain" />
26-->src\main\AndroidManifest.xml:62:13-50
26-->src\main\AndroidManifest.xml:62:19-48
27        </intent>
28        <intent>
28-->[com.google.firebase:firebase-inappmessaging-display:20.4.1] AndroidManifest.xml:11:9-15:18
29            <action android:name="android.intent.action.VIEW" />
29-->[com.google.firebase:firebase-auth:22.3.1] AndroidManifest.xml:36:17-69
29-->[com.google.firebase:firebase-auth:22.3.1] AndroidManifest.xml:36:25-66
30
31            <data android:scheme="https" />
31-->src\main\AndroidManifest.xml:62:13-50
32        </intent>
33    </queries>
34
35    <uses-permission android:name="android.permission.VIBRATE" />
35-->src\main\AndroidManifest.xml:2:1-61
35-->src\main\AndroidManifest.xml:2:18-59
36    <uses-permission android:name="android.permission.RECEIVE_BOOT_COMPLETED" />
36-->src\main\AndroidManifest.xml:3:5-80
36-->src\main\AndroidManifest.xml:3:22-78
37    <uses-permission android:name="android.permission.WAKE_LOCK" />
37-->[:firebase_messaging] AndroidManifest.xml:10:5-68
37-->[:firebase_messaging] AndroidManifest.xml:10:22-65
38    <uses-permission android:name="android.permission.ACCESS_NETWORK_STATE" /> <!-- Permissions options for the `notification` group -->
38-->[:firebase_messaging] AndroidManifest.xml:11:5-79
38-->[:firebase_messaging] AndroidManifest.xml:11:22-76
39    <uses-permission android:name="android.permission.POST_NOTIFICATIONS" />
39-->[:firebase_messaging] AndroidManifest.xml:13:5-77
39-->[:firebase_messaging] AndroidManifest.xml:13:22-74
40    <uses-permission android:name="android.permission.BROADCAST_CLOSE_SYSTEM_DIALOGS" /> <!-- Required by older versions of Google Play services to create IID tokens -->
40-->[:awesome_notifications] AndroidManifest.xml:10:5-89
40-->[:awesome_notifications] AndroidManifest.xml:10:22-86
41    <uses-permission android:name="com.google.android.c2dm.permission.RECEIVE" />
41-->[com.google.firebase:firebase-messaging:23.4.1] AndroidManifest.xml:26:5-82
41-->[com.google.firebase:firebase-messaging:23.4.1] AndroidManifest.xml:26:22-79
42    <uses-permission
42-->[me.carda:AndroidAwnCore:0.9.3] AndroidManifest.xml:10:5-12:38
43        android:name="android.permission.BIND_NOTIFICATION_LISTENER_SERVICE"
43-->[me.carda:AndroidAwnCore:0.9.3] AndroidManifest.xml:11:9-77
44        android:maxSdkVersion="22" />
44-->[me.carda:AndroidAwnCore:0.9.3] AndroidManifest.xml:12:9-35
45    <uses-permission android:name="com.google.android.providers.gsf.permission.READ_GSERVICES" />
45-->[com.google.android.recaptcha:recaptcha:18.4.0] AndroidManifest.xml:9:5-98
45-->[com.google.android.recaptcha:recaptcha:18.4.0] AndroidManifest.xml:9:22-95
46
47    <permission
47-->[androidx.core:core:1.12.0] AndroidManifest.xml:22:5-24:47
48        android:name="com.example.load.DYNAMIC_RECEIVER_NOT_EXPORTED_PERMISSION"
48-->[androidx.core:core:1.12.0] AndroidManifest.xml:23:9-81
49        android:protectionLevel="signature" />
49-->[androidx.core:core:1.12.0] AndroidManifest.xml:24:9-44
50
51    <uses-permission android:name="com.example.load.DYNAMIC_RECEIVER_NOT_EXPORTED_PERMISSION" /> <!-- for android -->
51-->[androidx.core:core:1.12.0] AndroidManifest.xml:26:5-97
51-->[androidx.core:core:1.12.0] AndroidManifest.xml:26:22-94
52    <!-- <uses-permission android:name="com.android.launcher.permission.READ_SETTINGS"/> -->
53    <!-- <uses-permission android:name="com.android.launcher.permission.WRITE_SETTINGS"/> -->
54    <!-- <uses-permission android:name="com.android.launcher.permission.INSTALL_SHORTCUT" /> -->
55    <!-- <uses-permission android:name="com.android.launcher.permission.UNINSTALL_SHORTCUT" /> -->
56    <!-- for Samsung -->
57    <uses-permission android:name="com.sec.android.provider.badge.permission.READ" />
57-->[me.leolin:ShortcutBadger:1.1.22] AndroidManifest.xml:19:5-86
57-->[me.leolin:ShortcutBadger:1.1.22] AndroidManifest.xml:19:22-83
58    <uses-permission android:name="com.sec.android.provider.badge.permission.WRITE" /> <!-- for htc -->
58-->[me.leolin:ShortcutBadger:1.1.22] AndroidManifest.xml:20:5-87
58-->[me.leolin:ShortcutBadger:1.1.22] AndroidManifest.xml:20:22-84
59    <uses-permission android:name="com.htc.launcher.permission.READ_SETTINGS" />
59-->[me.leolin:ShortcutBadger:1.1.22] AndroidManifest.xml:23:5-81
59-->[me.leolin:ShortcutBadger:1.1.22] AndroidManifest.xml:23:22-78
60    <uses-permission android:name="com.htc.launcher.permission.UPDATE_SHORTCUT" /> <!-- for sony -->
60-->[me.leolin:ShortcutBadger:1.1.22] AndroidManifest.xml:24:5-83
60-->[me.leolin:ShortcutBadger:1.1.22] AndroidManifest.xml:24:22-80
61    <uses-permission android:name="com.sonyericsson.home.permission.BROADCAST_BADGE" />
61-->[me.leolin:ShortcutBadger:1.1.22] AndroidManifest.xml:27:5-88
61-->[me.leolin:ShortcutBadger:1.1.22] AndroidManifest.xml:27:22-85
62    <uses-permission android:name="com.sonymobile.home.permission.PROVIDER_INSERT_BADGE" /> <!-- for apex -->
62-->[me.leolin:ShortcutBadger:1.1.22] AndroidManifest.xml:28:5-92
62-->[me.leolin:ShortcutBadger:1.1.22] AndroidManifest.xml:28:22-89
63    <uses-permission android:name="com.anddoes.launcher.permission.UPDATE_COUNT" /> <!-- for solid -->
63-->[me.leolin:ShortcutBadger:1.1.22] AndroidManifest.xml:31:5-84
63-->[me.leolin:ShortcutBadger:1.1.22] AndroidManifest.xml:31:22-81
64    <uses-permission android:name="com.majeur.launcher.permission.UPDATE_BADGE" /> <!-- for huawei -->
64-->[me.leolin:ShortcutBadger:1.1.22] AndroidManifest.xml:34:5-83
64-->[me.leolin:ShortcutBadger:1.1.22] AndroidManifest.xml:34:22-80
65    <uses-permission android:name="com.huawei.android.launcher.permission.CHANGE_BADGE" />
65-->[me.leolin:ShortcutBadger:1.1.22] AndroidManifest.xml:37:5-91
65-->[me.leolin:ShortcutBadger:1.1.22] AndroidManifest.xml:37:22-88
66    <uses-permission android:name="com.huawei.android.launcher.permission.READ_SETTINGS" />
66-->[me.leolin:ShortcutBadger:1.1.22] AndroidManifest.xml:38:5-92
66-->[me.leolin:ShortcutBadger:1.1.22] AndroidManifest.xml:38:22-89
67    <uses-permission android:name="com.huawei.android.launcher.permission.WRITE_SETTINGS" /> <!-- for ZUK -->
67-->[me.leolin:ShortcutBadger:1.1.22] AndroidManifest.xml:39:5-93
67-->[me.leolin:ShortcutBadger:1.1.22] AndroidManifest.xml:39:22-90
68    <uses-permission android:name="android.permission.READ_APP_BADGE" /> <!-- for OPPO -->
68-->[me.leolin:ShortcutBadger:1.1.22] AndroidManifest.xml:42:5-73
68-->[me.leolin:ShortcutBadger:1.1.22] AndroidManifest.xml:42:22-70
69    <uses-permission android:name="com.oppo.launcher.permission.READ_SETTINGS" />
69-->[me.leolin:ShortcutBadger:1.1.22] AndroidManifest.xml:45:5-82
69-->[me.leolin:ShortcutBadger:1.1.22] AndroidManifest.xml:45:22-79
70    <uses-permission android:name="com.oppo.launcher.permission.WRITE_SETTINGS" /> <!-- for EvMe -->
70-->[me.leolin:ShortcutBadger:1.1.22] AndroidManifest.xml:46:5-83
70-->[me.leolin:ShortcutBadger:1.1.22] AndroidManifest.xml:46:22-80
71    <uses-permission android:name="me.everything.badger.permission.BADGE_COUNT_READ" />
71-->[me.leolin:ShortcutBadger:1.1.22] AndroidManifest.xml:49:5-88
71-->[me.leolin:ShortcutBadger:1.1.22] AndroidManifest.xml:49:22-85
72    <uses-permission android:name="me.everything.badger.permission.BADGE_COUNT_WRITE" />
72-->[me.leolin:ShortcutBadger:1.1.22] AndroidManifest.xml:50:5-89
72-->[me.leolin:ShortcutBadger:1.1.22] AndroidManifest.xml:50:22-86
73
74    <application
75        android:name="android.app.Application"
75-->src\main\AndroidManifest.xml:8:9-42
76        android:appComponentFactory="androidx.core.app.CoreComponentFactory"
76-->[androidx.core:core:1.12.0] AndroidManifest.xml:28:18-86
77        android:icon="@mipmap/ic_launcher"
77-->src\main\AndroidManifest.xml:9:9-43
78        android:label="load" >
78-->src\main\AndroidManifest.xml:7:9-29
79        <activity
79-->src\main\AndroidManifest.xml:10:9-31:20
80            android:name="com.example.load.MainActivity"
80-->src\main\AndroidManifest.xml:11:13-41
81            android:configChanges="orientation|keyboardHidden|keyboard|screenSize|smallestScreenSize|locale|layoutDirection|fontScale|screenLayout|density|uiMode"
81-->src\main\AndroidManifest.xml:15:13-163
82            android:exported="true"
82-->src\main\AndroidManifest.xml:12:13-36
83            android:hardwareAccelerated="true"
83-->src\main\AndroidManifest.xml:16:13-47
84            android:launchMode="singleTop"
84-->src\main\AndroidManifest.xml:13:13-43
85            android:theme="@style/LaunchTheme"
85-->src\main\AndroidManifest.xml:14:13-47
86            android:windowSoftInputMode="adjustResize" >
86-->src\main\AndroidManifest.xml:17:13-55
87
88            <!--
89                 Specifies an Android theme to apply to this Activity as soon as
90                 the Android process has started. This theme is visible to the user
91                 while the Flutter UI initializes. After that, this theme continues
92                 to determine the Window background behind the Flutter UI.
93            -->
94            <meta-data
94-->src\main\AndroidManifest.xml:23:13-26:17
95                android:name="io.flutter.embedding.android.NormalTheme"
95-->src\main\AndroidManifest.xml:24:15-70
96                android:resource="@style/NormalTheme" />
96-->src\main\AndroidManifest.xml:25:15-52
97
98            <intent-filter>
98-->src\main\AndroidManifest.xml:27:13-30:29
99                <action android:name="android.intent.action.MAIN" />
99-->src\main\AndroidManifest.xml:28:17-68
99-->src\main\AndroidManifest.xml:28:25-66
100
101                <category android:name="android.intent.category.LAUNCHER" />
101-->src\main\AndroidManifest.xml:29:17-76
101-->src\main\AndroidManifest.xml:29:27-74
102            </intent-filter>
103        </activity>
104        <!--
105             Don't delete the meta-data below.
106             This is used by the Flutter tool to generate GeneratedPluginRegistrant.java
107        -->
108        <meta-data
108-->src\main\AndroidManifest.xml:34:9-36:33
109            android:name="flutterEmbedding"
109-->src\main\AndroidManifest.xml:35:13-44
110            android:value="2" />
110-->src\main\AndroidManifest.xml:36:13-30
111        <meta-data
111-->src\main\AndroidManifest.xml:37:13-39:29
112            android:name="firebase_messaging_auto_init_enabled"
112-->src\main\AndroidManifest.xml:38:5-56
113            android:value="false" />
113-->src\main\AndroidManifest.xml:39:5-26
114        <meta-data
114-->src\main\AndroidManifest.xml:40:1-42:29
115            android:name="firebase_analytics_collection_enabled"
115-->src\main\AndroidManifest.xml:41:5-57
116            android:value="false" />
116-->src\main\AndroidManifest.xml:42:5-26
117
118        <receiver
118-->src\main\AndroidManifest.xml:44:13-135
119            android:name="com.dexterous.flutterlocalnotifications.ScheduledNotificationReceiver"
119-->src\main\AndroidManifest.xml:44:48-132
120            android:exported="false" />
120-->src\main\AndroidManifest.xml:44:23-47
121        <receiver
121-->src\main\AndroidManifest.xml:45:1-52:12
122            android:name="com.dexterous.flutterlocalnotifications.ScheduledNotificationBootReceiver"
122-->src\main\AndroidManifest.xml:45:36-124
123            android:exported="false" >
123-->src\main\AndroidManifest.xml:45:11-35
124            <intent-filter>
124-->src\main\AndroidManifest.xml:46:5-51:21
125                <action android:name="android.intent.action.BOOT_COMPLETED" />
125-->src\main\AndroidManifest.xml:47:9-70
125-->src\main\AndroidManifest.xml:47:17-68
126                <action android:name="android.intent.action.MY_PACKAGE_REPLACED" />
126-->src\main\AndroidManifest.xml:48:9-75
126-->src\main\AndroidManifest.xml:48:17-73
127                <action android:name="android.intent.action.QUICKBOOT_POWERON" />
127-->src\main\AndroidManifest.xml:49:9-74
127-->src\main\AndroidManifest.xml:49:17-71
128                <action android:name="com.htc.intent.action.QUICKBOOT_POWERON" />
128-->src\main\AndroidManifest.xml:50:9-73
128-->src\main\AndroidManifest.xml:50:17-71
129            </intent-filter>
130        </receiver>
131
132        <service
132-->[:firebase_app_check] AndroidManifest.xml:10:9-14:19
133            android:name="com.google.firebase.components.ComponentDiscoveryService"
133-->[:firebase_app_check] AndroidManifest.xml:10:18-89
134            android:directBootAware="true"
134-->[com.google.firebase:firebase-common:20.4.3] AndroidManifest.xml:32:13-43
135            android:exported="false" >
135-->[com.google.firebase:firebase-appcheck-debug:17.1.2] AndroidManifest.xml:24:13-37
136            <meta-data
136-->[:firebase_app_check] AndroidManifest.xml:11:13-13:85
137                android:name="com.google.firebase.components:io.flutter.plugins.firebase.appcheck.FlutterFirebaseAppRegistrar"
137-->[:firebase_app_check] AndroidManifest.xml:12:17-127
138                android:value="com.google.firebase.components.ComponentRegistrar" />
138-->[:firebase_app_check] AndroidManifest.xml:13:17-82
139            <meta-data
139-->[:firebase_database] AndroidManifest.xml:11:13-13:85
140                android:name="com.google.firebase.components:io.flutter.plugins.firebase.database.FlutterFirebaseAppRegistrar"
140-->[:firebase_database] AndroidManifest.xml:12:17-127
141                android:value="com.google.firebase.components.ComponentRegistrar" />
141-->[:firebase_database] AndroidManifest.xml:13:17-82
142            <meta-data
142-->[:cloud_firestore] AndroidManifest.xml:11:13-13:85
143                android:name="com.google.firebase.components:io.flutter.plugins.firebase.firestore.FlutterFirebaseFirestoreRegistrar"
143-->[:cloud_firestore] AndroidManifest.xml:12:17-134
144                android:value="com.google.firebase.components.ComponentRegistrar" />
144-->[:cloud_firestore] AndroidManifest.xml:13:17-82
145            <meta-data
145-->[:firebase_auth] AndroidManifest.xml:11:13-13:85
146                android:name="com.google.firebase.components:io.flutter.plugins.firebase.auth.FlutterFirebaseAuthRegistrar"
146-->[:firebase_auth] AndroidManifest.xml:12:17-124
147                android:value="com.google.firebase.components.ComponentRegistrar" />
147-->[:firebase_auth] AndroidManifest.xml:13:17-82
148            <meta-data
148-->[:firebase_in_app_messaging] AndroidManifest.xml:11:13-13:85
149                android:name="com.google.firebase.components:io.flutter.plugins.firebase.inappmessaging.FlutterFirebaseAppRegistrar"
149-->[:firebase_in_app_messaging] AndroidManifest.xml:12:17-133
150                android:value="com.google.firebase.components.ComponentRegistrar" />
150-->[:firebase_in_app_messaging] AndroidManifest.xml:13:17-82
151            <meta-data
151-->[:firebase_storage] AndroidManifest.xml:11:13-13:85
152                android:name="com.google.firebase.components:io.flutter.plugins.firebase.storage.FlutterFirebaseAppRegistrar"
152-->[:firebase_storage] AndroidManifest.xml:12:17-126
153                android:value="com.google.firebase.components.ComponentRegistrar" />
153-->[:firebase_storage] AndroidManifest.xml:13:17-82
154            <meta-data
154-->[:firebase_messaging] AndroidManifest.xml:38:13-40:85
155                android:name="com.google.firebase.components:io.flutter.plugins.firebase.messaging.FlutterFirebaseAppRegistrar"
155-->[:firebase_messaging] AndroidManifest.xml:39:17-128
156                android:value="com.google.firebase.components.ComponentRegistrar" />
156-->[:firebase_messaging] AndroidManifest.xml:40:17-82
157            <meta-data
157-->[:firebase_core] AndroidManifest.xml:11:13-13:85
158                android:name="com.google.firebase.components:io.flutter.plugins.firebase.core.FlutterFirebaseCoreRegistrar"
158-->[:firebase_core] AndroidManifest.xml:12:17-124
159                android:value="com.google.firebase.components.ComponentRegistrar" />
159-->[:firebase_core] AndroidManifest.xml:13:17-82
160            <meta-data
160-->[com.google.firebase:firebase-appcheck-debug:17.1.2] AndroidManifest.xml:25:13-27:85
161                android:name="com.google.firebase.components:com.google.firebase.appcheck.debug.FirebaseAppCheckDebugRegistrar"
161-->[com.google.firebase:firebase-appcheck-debug:17.1.2] AndroidManifest.xml:26:17-128
162                android:value="com.google.firebase.components.ComponentRegistrar" />
162-->[com.google.firebase:firebase-appcheck-debug:17.1.2] AndroidManifest.xml:27:17-82
163            <meta-data
163-->[com.google.firebase:firebase-auth:22.3.1] AndroidManifest.xml:69:13-71:85
164                android:name="com.google.firebase.components:com.google.firebase.auth.FirebaseAuthRegistrar"
164-->[com.google.firebase:firebase-auth:22.3.1] AndroidManifest.xml:70:17-109
165                android:value="com.google.firebase.components.ComponentRegistrar" />
165-->[com.google.firebase:firebase-auth:22.3.1] AndroidManifest.xml:71:17-82
166            <meta-data
166-->[com.google.firebase:firebase-inappmessaging-display:20.4.1] AndroidManifest.xml:22:13-24:85
167                android:name="com.google.firebase.components:com.google.firebase.inappmessaging.display.FirebaseInAppMessagingDisplayKtxRegistrar"
167-->[com.google.firebase:firebase-inappmessaging-display:20.4.1] AndroidManifest.xml:23:17-147
168                android:value="com.google.firebase.components.ComponentRegistrar" />
168-->[com.google.firebase:firebase-inappmessaging-display:20.4.1] AndroidManifest.xml:24:17-82
169            <meta-data
169-->[com.google.firebase:firebase-inappmessaging-display:20.4.1] AndroidManifest.xml:25:13-27:85
170                android:name="com.google.firebase.components:com.google.firebase.inappmessaging.display.FirebaseInAppMessagingDisplayRegistrar"
170-->[com.google.firebase:firebase-inappmessaging-display:20.4.1] AndroidManifest.xml:26:17-144
171                android:value="com.google.firebase.components.ComponentRegistrar" />
171-->[com.google.firebase:firebase-inappmessaging-display:20.4.1] AndroidManifest.xml:27:17-82
172            <meta-data
172-->[com.google.firebase:firebase-firestore:24.11.0] AndroidManifest.xml:17:13-19:85
173                android:name="com.google.firebase.components:com.google.firebase.firestore.FirebaseFirestoreKtxRegistrar"
173-->[com.google.firebase:firebase-firestore:24.11.0] AndroidManifest.xml:18:17-122
174                android:value="com.google.firebase.components.ComponentRegistrar" />
174-->[com.google.firebase:firebase-firestore:24.11.0] AndroidManifest.xml:19:17-82
175            <meta-data
175-->[com.google.firebase:firebase-firestore:24.11.0] AndroidManifest.xml:20:13-22:85
176                android:name="com.google.firebase.components:com.google.firebase.firestore.FirestoreRegistrar"
176-->[com.google.firebase:firebase-firestore:24.11.0] AndroidManifest.xml:21:17-111
177                android:value="com.google.firebase.components.ComponentRegistrar" />
177-->[com.google.firebase:firebase-firestore:24.11.0] AndroidManifest.xml:22:17-82
178            <meta-data
178-->[com.google.firebase:firebase-appcheck-playintegrity:17.1.2] AndroidManifest.xml:25:13-27:85
179                android:name="com.google.firebase.components:com.google.firebase.appcheck.playintegrity.FirebaseAppCheckPlayIntegrityRegistrar"
179-->[com.google.firebase:firebase-appcheck-playintegrity:17.1.2] AndroidManifest.xml:26:17-144
180                android:value="com.google.firebase.components.ComponentRegistrar" />
180-->[com.google.firebase:firebase-appcheck-playintegrity:17.1.2] AndroidManifest.xml:27:17-82
181            <meta-data
181-->[com.google.firebase:firebase-messaging:23.4.1] AndroidManifest.xml:57:13-59:85
182                android:name="com.google.firebase.components:com.google.firebase.messaging.FirebaseMessagingKtxRegistrar"
182-->[com.google.firebase:firebase-messaging:23.4.1] AndroidManifest.xml:58:17-122
183                android:value="com.google.firebase.components.ComponentRegistrar" />
183-->[com.google.firebase:firebase-messaging:23.4.1] AndroidManifest.xml:59:17-82
184            <meta-data
184-->[com.google.firebase:firebase-messaging:23.4.1] AndroidManifest.xml:60:13-62:85
185                android:name="com.google.firebase.components:com.google.firebase.messaging.FirebaseMessagingRegistrar"
185-->[com.google.firebase:firebase-messaging:23.4.1] AndroidManifest.xml:61:17-119
186                android:value="com.google.firebase.components.ComponentRegistrar" />
186-->[com.google.firebase:firebase-messaging:23.4.1] AndroidManifest.xml:62:17-82
187            <meta-data
187-->[com.google.firebase:firebase-storage:20.3.0] AndroidManifest.xml:30:13-32:85
188                android:name="com.google.firebase.components:com.google.firebase.storage.FirebaseStorageKtxRegistrar"
188-->[com.google.firebase:firebase-storage:20.3.0] AndroidManifest.xml:31:17-118
189                android:value="com.google.firebase.components.ComponentRegistrar" />
189-->[com.google.firebase:firebase-storage:20.3.0] AndroidManifest.xml:32:17-82
190            <meta-data
190-->[com.google.firebase:firebase-storage:20.3.0] AndroidManifest.xml:33:13-35:85
191                android:name="com.google.firebase.components:com.google.firebase.storage.StorageRegistrar"
191-->[com.google.firebase:firebase-storage:20.3.0] AndroidManifest.xml:34:17-107
192                android:value="com.google.firebase.components.ComponentRegistrar" />
192-->[com.google.firebase:firebase-storage:20.3.0] AndroidManifest.xml:35:17-82
193            <meta-data
193-->[com.google.firebase:firebase-database:20.3.1] AndroidManifest.xml:29:13-31:85
194                android:name="com.google.firebase.components:com.google.firebase.database.FirebaseDatabaseKtxRegistrar"
194-->[com.google.firebase:firebase-database:20.3.1] AndroidManifest.xml:30:17-120
195                android:value="com.google.firebase.components.ComponentRegistrar" />
195-->[com.google.firebase:firebase-database:20.3.1] AndroidManifest.xml:31:17-82
196            <meta-data
196-->[com.google.firebase:firebase-database:20.3.1] AndroidManifest.xml:32:13-34:85
197                android:name="com.google.firebase.components:com.google.firebase.database.DatabaseRegistrar"
197-->[com.google.firebase:firebase-database:20.3.1] AndroidManifest.xml:33:17-109
198                android:value="com.google.firebase.components.ComponentRegistrar" />
198-->[com.google.firebase:firebase-database:20.3.1] AndroidManifest.xml:34:17-82
199            <meta-data
199-->[com.google.firebase:firebase-appcheck-safetynet:16.1.2] AndroidManifest.xml:27:13-29:85
200                android:name="com.google.firebase.components:com.google.firebase.appcheck.safetynet.FirebaseAppCheckSafetyNetRegistrar"
200-->[com.google.firebase:firebase-appcheck-safetynet:16.1.2] AndroidManifest.xml:28:17-136
201                android:value="com.google.firebase.components.ComponentRegistrar" />
201-->[com.google.firebase:firebase-appcheck-safetynet:16.1.2] AndroidManifest.xml:29:17-82
202            <meta-data
202-->[com.google.firebase:firebase-appcheck:17.1.2] AndroidManifest.xml:25:13-27:85
203                android:name="com.google.firebase.components:com.google.firebase.appcheck.FirebaseAppCheckKtxRegistrar"
203-->[com.google.firebase:firebase-appcheck:17.1.2] AndroidManifest.xml:26:17-120
204                android:value="com.google.firebase.components.ComponentRegistrar" />
204-->[com.google.firebase:firebase-appcheck:17.1.2] AndroidManifest.xml:27:17-82
205            <meta-data
205-->[com.google.firebase:firebase-appcheck:17.1.2] AndroidManifest.xml:28:13-30:85
206                android:name="com.google.firebase.components:com.google.firebase.appcheck.FirebaseAppCheckRegistrar"
206-->[com.google.firebase:firebase-appcheck:17.1.2] AndroidManifest.xml:29:17-117
207                android:value="com.google.firebase.components.ComponentRegistrar" />
207-->[com.google.firebase:firebase-appcheck:17.1.2] AndroidManifest.xml:30:17-82
208            <meta-data
208-->[com.google.firebase:firebase-iid:21.1.0] AndroidManifest.xml:32:13-34:85
209                android:name="com.google.firebase.components:com.google.firebase.iid.Registrar"
209-->[com.google.firebase:firebase-iid:21.1.0] AndroidManifest.xml:33:17-96
210                android:value="com.google.firebase.components.ComponentRegistrar" />
210-->[com.google.firebase:firebase-iid:21.1.0] AndroidManifest.xml:34:17-82
211            <meta-data
211-->[com.google.firebase:firebase-inappmessaging:20.4.1] AndroidManifest.xml:14:13-16:85
212                android:name="com.google.firebase.components:com.google.firebase.inappmessaging.FirebaseInAppMessagingKtxRegistrar"
212-->[com.google.firebase:firebase-inappmessaging:20.4.1] AndroidManifest.xml:15:17-132
213                android:value="com.google.firebase.components.ComponentRegistrar" />
213-->[com.google.firebase:firebase-inappmessaging:20.4.1] AndroidManifest.xml:16:17-82
214            <meta-data
214-->[com.google.firebase:firebase-inappmessaging:20.4.1] AndroidManifest.xml:17:13-19:85
215                android:name="com.google.firebase.components:com.google.firebase.inappmessaging.FirebaseInAppMessagingRegistrar"
215-->[com.google.firebase:firebase-inappmessaging:20.4.1] AndroidManifest.xml:18:17-129
216                android:value="com.google.firebase.components.ComponentRegistrar" />
216-->[com.google.firebase:firebase-inappmessaging:20.4.1] AndroidManifest.xml:19:17-82
217            <meta-data
217-->[com.google.firebase:firebase-installations:17.2.0] AndroidManifest.xml:15:13-17:85
218                android:name="com.google.firebase.components:com.google.firebase.installations.FirebaseInstallationsKtxRegistrar"
218-->[com.google.firebase:firebase-installations:17.2.0] AndroidManifest.xml:16:17-130
219                android:value="com.google.firebase.components.ComponentRegistrar" />
219-->[com.google.firebase:firebase-installations:17.2.0] AndroidManifest.xml:17:17-82
220            <meta-data
220-->[com.google.firebase:firebase-installations:17.2.0] AndroidManifest.xml:18:13-20:85
221                android:name="com.google.firebase.components:com.google.firebase.installations.FirebaseInstallationsRegistrar"
221-->[com.google.firebase:firebase-installations:17.2.0] AndroidManifest.xml:19:17-127
222                android:value="com.google.firebase.components.ComponentRegistrar" />
222-->[com.google.firebase:firebase-installations:17.2.0] AndroidManifest.xml:20:17-82
223            <meta-data
223-->[com.google.firebase:firebase-common-ktx:20.4.3] AndroidManifest.xml:12:13-14:85
224                android:name="com.google.firebase.components:com.google.firebase.ktx.FirebaseCommonLegacyRegistrar"
224-->[com.google.firebase:firebase-common-ktx:20.4.3] AndroidManifest.xml:13:17-116
225                android:value="com.google.firebase.components.ComponentRegistrar" />
225-->[com.google.firebase:firebase-common-ktx:20.4.3] AndroidManifest.xml:14:17-82
226            <meta-data
226-->[com.google.firebase:firebase-common:20.4.3] AndroidManifest.xml:35:13-37:85
227                android:name="com.google.firebase.components:com.google.firebase.FirebaseCommonKtxRegistrar"
227-->[com.google.firebase:firebase-common:20.4.3] AndroidManifest.xml:36:17-109
228                android:value="com.google.firebase.components.ComponentRegistrar" />
228-->[com.google.firebase:firebase-common:20.4.3] AndroidManifest.xml:37:17-82
229            <meta-data
229-->[com.google.firebase:firebase-abt:21.1.1] AndroidManifest.xml:12:13-14:85
230                android:name="com.google.firebase.components:com.google.firebase.abt.component.AbtRegistrar"
230-->[com.google.firebase:firebase-abt:21.1.1] AndroidManifest.xml:13:17-109
231                android:value="com.google.firebase.components.ComponentRegistrar" />
231-->[com.google.firebase:firebase-abt:21.1.1] AndroidManifest.xml:14:17-82
232            <meta-data
232-->[com.google.firebase:firebase-datatransport:18.2.0] AndroidManifest.xml:25:13-27:85
233                android:name="com.google.firebase.components:com.google.firebase.datatransport.TransportRegistrar"
233-->[com.google.firebase:firebase-datatransport:18.2.0] AndroidManifest.xml:26:17-115
234                android:value="com.google.firebase.components.ComponentRegistrar" />